<?xml version="1.0" encoding="UTF-8"?>
<testng-results ignored="0" total="2" passed="2" failed="0" skipped="0">
  <reporter-output>
  </reporter-output>
  <suite started-at="2023-02-23T13:54:45 IST" name="Default suite" finished-at="2023-02-23T13:56:37 IST" duration-ms="112186">
    <groups>
    </groups>
    <test started-at="2023-02-23T13:54:45 IST" name="Default test" finished-at="2023-02-23T13:56:37 IST" duration-ms="112186">
      <class name="TestCases.verifyLogin">
        <test-method is-config="true" signature="openurl()[pri:0, instance:TestCases.verifyLogin@38d5b107]" started-at="2023-02-23T13:54:45 IST" name="openurl" finished-at="2023-02-23T13:56:13 IST" duration-ms="88165" status="PASS">
          <reporter-output>
          </reporter-output>
        </test-method> <!-- openurl -->
        <test-method signature="login(java.lang.String,java.lang.String)[pri:0, instance:TestCases.verifyLogin@38d5b107]" started-at="2023-02-23T13:56:13 IST" name="login" data-provider="testData" finished-at="2023-02-23T13:56:18 IST" duration-ms="5007" status="PASS">
          <params>
            <param index="0">
              <value>
                <![CDATA[testuser1]]>
              </value>
            </param>
            <param index="1">
              <value>
                <![CDATA[secure123]]>
              </value>
            </param>
          </params>
          <reporter-output>
          </reporter-output>
        </test-method> <!-- login -->
        <test-method is-config="true" signature="closebrowser()[pri:0, instance:TestCases.verifyLogin@38d5b107]" started-at="2023-02-23T13:56:18 IST" name="closebrowser" finished-at="2023-02-23T13:56:22 IST" duration-ms="3792" status="PASS">
          <reporter-output>
          </reporter-output>
        </test-method> <!-- closebrowser -->
        <test-method is-config="true" signature="openurl()[pri:0, instance:TestCases.verifyLogin@38d5b107]" started-at="2023-02-23T13:56:22 IST" name="openurl" finished-at="2023-02-23T13:56:35 IST" duration-ms="12812" status="PASS">
          <reporter-output>
          </reporter-output>
        </test-method> <!-- openurl -->
        <test-method signature="login(java.lang.String,java.lang.String)[pri:0, instance:TestCases.verifyLogin@38d5b107]" started-at="2023-02-23T13:56:35 IST" name="login" data-provider="testData" finished-at="2023-02-23T13:56:36 IST" duration-ms="1339" status="PASS">
          <params>
            <param index="0">
              <value>
                <![CDATA[testuser2]]>
              </value>
            </param>
            <param index="1">
              <value>
                <![CDATA[secure456]]>
              </value>
            </param>
          </params>
          <reporter-output>
          </reporter-output>
        </test-method> <!-- login -->
        <test-method is-config="true" signature="closebrowser()[pri:0, instance:TestCases.verifyLogin@38d5b107]" started-at="2023-02-23T13:56:36 IST" name="closebrowser" finished-at="2023-02-23T13:56:37 IST" duration-ms="774" status="PASS">
          <reporter-output>
          </reporter-output>
        </test-method> <!-- closebrowser -->
      </class> <!-- TestCases.verifyLogin -->
    </test> <!-- Default test -->
  </suite> <!-- Default suite -->
</testng-results>
